0 info it worked if it ends with ok
1 verbose cli [ 'node',
1 verbose cli   '/usr/local/bin/npm',
1 verbose cli   'install',
1 verbose cli   '--save-dev',
1 verbose cli   'grunt-contrib-imagemin' ]
2 info using npm@1.4.28
3 info using node@v0.10.32
4 warn package.json Jsrocks@1.0.0 No README data
5 verbose readDependencies using package.json deps
6 verbose cache add [ 'grunt-contrib-imagemin', null ]
7 verbose cache add name=undefined spec="grunt-contrib-imagemin" args=["grunt-contrib-imagemin",null]
8 verbose parsed url { protocol: null,
8 verbose parsed url   slashes: null,
8 verbose parsed url   auth: null,
8 verbose parsed url   host: null,
8 verbose parsed url   port: null,
8 verbose parsed url   hostname: null,
8 verbose parsed url   hash: null,
8 verbose parsed url   search: null,
8 verbose parsed url   query: null,
8 verbose parsed url   pathname: 'grunt-contrib-imagemin',
8 verbose parsed url   path: 'grunt-contrib-imagemin',
8 verbose parsed url   href: 'grunt-contrib-imagemin' }
9 silly lockFile d53d0dd9-grunt-contrib-imagemin grunt-contrib-imagemin
10 verbose lock grunt-contrib-imagemin /Users/Italo/.npm/d53d0dd9-grunt-contrib-imagemin.lock
11 silly lockFile d53d0dd9-grunt-contrib-imagemin grunt-contrib-imagemin
12 silly lockFile d53d0dd9-grunt-contrib-imagemin grunt-contrib-imagemin
13 verbose addNamed [ 'grunt-contrib-imagemin', '' ]
14 verbose addNamed [ null, '*' ]
15 silly lockFile 400cb004-grunt-contrib-imagemin grunt-contrib-imagemin@
16 verbose lock grunt-contrib-imagemin@ /Users/Italo/.npm/400cb004-grunt-contrib-imagemin.lock
17 silly addNameRange { name: 'grunt-contrib-imagemin', range: '*', hasData: false }
18 verbose request where is /grunt-contrib-imagemin
19 verbose request registry https://registry.npmjs.org/
20 verbose request id ea9af0e2234259c2
21 verbose url raw /grunt-contrib-imagemin
22 verbose url resolving [ 'https://registry.npmjs.org/', './grunt-contrib-imagemin' ]
23 verbose url resolved https://registry.npmjs.org/grunt-contrib-imagemin
24 verbose request where is https://registry.npmjs.org/grunt-contrib-imagemin
25 info trying registry request attempt 1 at 19:41:25
26 verbose etag "B3DJ7QEFSMT2MS1120WDP9HL"
27 http GET https://registry.npmjs.org/grunt-contrib-imagemin
28 http 200 https://registry.npmjs.org/grunt-contrib-imagemin
29 silly registry.get cb [ 200,
29 silly registry.get   { date: 'Fri, 20 Mar 2015 22:39:20 GMT',
29 silly registry.get     server: 'CouchDB/1.5.0 (Erlang OTP/R16B03)',
29 silly registry.get     etag: '"CMXXJB5YUSMQ3R33HM82Z3IRY"',
29 silly registry.get     'content-type': 'application/json',
29 silly registry.get     'cache-control': 'max-age=60',
29 silly registry.get     'content-length': '53405',
29 silly registry.get     'accept-ranges': 'bytes',
29 silly registry.get     via: '1.1 varnish',
29 silly registry.get     age: '36',
29 silly registry.get     'x-served-by': 'cache-jfk1028-JFK',
29 silly registry.get     'x-cache': 'HIT',
29 silly registry.get     'x-cache-hits': '1',
29 silly registry.get     'x-timer': 'S1426891160.073508,VS0,VE0',
29 silly registry.get     vary: 'Accept',
29 silly registry.get     'keep-alive': 'timeout=10, max=50',
29 silly registry.get     connection: 'Keep-Alive' } ]
30 silly addNameRange number 2 { name: 'grunt-contrib-imagemin', range: '*', hasData: true }
31 silly addNameRange versions [ 'grunt-contrib-imagemin',
31 silly addNameRange   [ '0.1.0',
31 silly addNameRange     '0.1.1',
31 silly addNameRange     '0.1.2',
31 silly addNameRange     '0.1.3',
31 silly addNameRange     '0.1.4',
31 silly addNameRange     '0.1.1-rc7',
31 silly addNameRange     '0.1.1-rc8',
31 silly addNameRange     '0.2.0',
31 silly addNameRange     '0.2.1',
31 silly addNameRange     '0.3.0',
31 silly addNameRange     '0.4.0',
31 silly addNameRange     '0.4.1',
31 silly addNameRange     '0.5.0',
31 silly addNameRange     '0.6.0',
31 silly addNameRange     '0.6.1',
31 silly addNameRange     '0.7.0',
31 silly addNameRange     '0.7.1',
31 silly addNameRange     '0.7.2',
31 silly addNameRange     '0.8.0',
31 silly addNameRange     '0.8.1',
31 silly addNameRange     '0.9.0',
31 silly addNameRange     '0.9.1',
31 silly addNameRange     '0.9.2',
31 silly addNameRange     '0.9.3' ] ]
32 verbose addNamed [ 'grunt-contrib-imagemin', '0.9.3' ]
33 verbose addNamed [ '0.9.3', '0.9.3' ]
34 silly lockFile 0e66b408-grunt-contrib-imagemin-0-9-3 grunt-contrib-imagemin@0.9.3
35 verbose lock grunt-contrib-imagemin@0.9.3 /Users/Italo/.npm/0e66b408-grunt-contrib-imagemin-0-9-3.lock
36 silly lockFile 161e38f3-grunt-contrib-imagemin-0-9-3-tgz https://registry.npmjs.org/grunt-contrib-imagemin/-/grunt-contrib-imagemin-0.9.3.tgz
37 verbose lock https://registry.npmjs.org/grunt-contrib-imagemin/-/grunt-contrib-imagemin-0.9.3.tgz /Users/Italo/.npm/161e38f3-grunt-contrib-imagemin-0-9-3-tgz.lock
38 verbose addRemoteTarball [ 'https://registry.npmjs.org/grunt-contrib-imagemin/-/grunt-contrib-imagemin-0.9.3.tgz',
38 verbose addRemoteTarball   '200718443249454e66ebd878fb3ebf089ab8603c' ]
39 info retry fetch attempt 1 at 19:41:26
40 verbose fetch to= /var/folders/96/jmlh6_nn11lgyc34_c0gk0v80000gn/T/npm-2777-C548idsR/registry.npmjs.org/grunt-contrib-imagemin/-/grunt-contrib-imagemin-0.9.3.tgz
41 http GET https://registry.npmjs.org/grunt-contrib-imagemin/-/grunt-contrib-imagemin-0.9.3.tgz
42 http 200 https://registry.npmjs.org/grunt-contrib-imagemin/-/grunt-contrib-imagemin-0.9.3.tgz
43 silly lockFile 161e38f3-grunt-contrib-imagemin-0-9-3-tgz https://registry.npmjs.org/grunt-contrib-imagemin/-/grunt-contrib-imagemin-0.9.3.tgz
44 silly lockFile 161e38f3-grunt-contrib-imagemin-0-9-3-tgz https://registry.npmjs.org/grunt-contrib-imagemin/-/grunt-contrib-imagemin-0.9.3.tgz
45 silly lockFile 0e66b408-grunt-contrib-imagemin-0-9-3 grunt-contrib-imagemin@0.9.3
46 silly lockFile 0e66b408-grunt-contrib-imagemin-0-9-3 grunt-contrib-imagemin@0.9.3
47 silly lockFile 400cb004-grunt-contrib-imagemin grunt-contrib-imagemin@
48 silly lockFile 400cb004-grunt-contrib-imagemin grunt-contrib-imagemin@
49 error Error: EACCES, mkdir '/Users/Italo/.npm/grunt-contrib-imagemin/0.9.3'
49 error  { [Error: EACCES, mkdir '/Users/Italo/.npm/grunt-contrib-imagemin/0.9.3']
49 error   errno: 3,
49 error   code: 'EACCES',
49 error   path: '/Users/Italo/.npm/grunt-contrib-imagemin/0.9.3',
49 error   parent: 'Jsrocks' }
50 error Please try running this command again as root/Administrator.
51 error System Darwin 14.0.0
52 error command "node" "/usr/local/bin/npm" "install" "--save-dev" "grunt-contrib-imagemin"
53 error cwd /Users/Italo/Desktop/jsrocks
54 error node -v v0.10.32
55 error npm -v 1.4.28
56 error path /Users/Italo/.npm/grunt-contrib-imagemin/0.9.3
57 error code EACCES
58 error errno 3
59 error stack Error: EACCES, mkdir '/Users/Italo/.npm/grunt-contrib-imagemin/0.9.3'
60 verbose exit [ 3, true ]
